----------------------------------------------------------------
	INICIO DE REGISTRO
----------------------------------------------------------------

|||||||||||||||||||||||||||||||||||||||||
	BACKUP REALIZADO
	ULTIMA URL:
	 https://www.scopus.com/inward/record.uri?eid=2-s2.0-85079817329&doi=10.31297%2fhkju.19.4.3&partnerID=40&md5=af7a16500bd14b79a8378f64504c10ef
|||||||||||||||||||||||||||||||||||||||||

|||||||||||||||||||||||||||||||||||||||||
	BACKUP REALIZADO
	ULTIMA URL:
	 https://www.scopus.com/inward/record.uri?eid=2-s2.0-85074473836&doi=10.21017%2fRev.Repub.2019.v26.a59&partnerID=40&md5=7c86b4451716d34f630d90ca0e6f38f3
|||||||||||||||||||||||||||||||||||||||||

|||||||||||||||||||||||||||||||||||||||||
	BACKUP REALIZADO
	ULTIMA URL:
	 https://www.scopus.com/inward/record.uri?eid=2-s2.0-85063645064&doi=10.15446%2fbitacora.v29n1.64314&partnerID=40&md5=67cc7add33ee27b3a5d24e8ea8d5e791
|||||||||||||||||||||||||||||||||||||||||

xxxxxxxxxxxxxxxxxxxxxxxxxxxxxxxxxxxxxxxxx
	DATO: <Idioma> NO ENCONTRADO EN:
	 https://www.scopus.com/inward/record.uri?eid=2-s2.0-85054865879&doi=10.1016%2fj.envsci.2018.09.016&partnerID=40&md5=2d73ab4bc7bde7504c51f3a9b3acccb6
xxxxxxxxxxxxxxxxxxxxxxxxxxxxxxxxxxxxxxxxx

xxxxxxxxxxxxxxxxxxxxxxxxxxxxxxxxxxxxxxxxx
	DATO: <Resumen> NO ENCONTRADO EN:
	 https://www.scopus.com/inward/record.uri?eid=2-s2.0-85060219120&partnerID=40&md5=e5b925ebdf8122cfb3ece4d238e99eb7
xxxxxxxxxxxxxxxxxxxxxxxxxxxxxxxxxxxxxxxxx

|||||||||||||||||||||||||||||||||||||||||
	BACKUP REALIZADO
	ULTIMA URL:
	 https://www.scopus.com/inward/record.uri?eid=2-s2.0-85060219120&partnerID=40&md5=e5b925ebdf8122cfb3ece4d238e99eb7
|||||||||||||||||||||||||||||||||||||||||

|||||||||||||||||||||||||||||||||||||||||
	BACKUP REALIZADO
	ULTIMA URL:
	 https://www.scopus.com/inward/record.uri?eid=2-s2.0-85086245468&partnerID=40&md5=8b38c04f291a82d69da9421cfffee804
|||||||||||||||||||||||||||||||||||||||||

|||||||||||||||||||||||||||||||||||||||||
	BACKUP REALIZADO
	ULTIMA URL:
	 https://www.scopus.com/inward/record.uri?eid=2-s2.0-85052842401&doi=10.37960%2frevista.v23i81.23467&partnerID=40&md5=15237d6979b69537fead9cb21ba05de1
|||||||||||||||||||||||||||||||||||||||||

----------------------------------------------------------------
	FIN DE REGISTRO
----------------------------------------------------------------

