----------------------------------------------------------------
	INICIO DE REGISTRO
----------------------------------------------------------------

|||||||||||||||||||||||||||||||||||||||||
	BACKUP REALIZADO
	ULTIMA URL:
	 https://www.scopus.com/inward/record.uri?eid=2-s2.0-85079817329&doi=10.31297%2fhkju.19.4.3&partnerID=40&md5=af7a16500bd14b79a8378f64504c10ef
|||||||||||||||||||||||||||||||||||||||||

xxxxxxxxxxxxxxxxxxxxxxxxxxxxxxxxxxxxxxxxx
	DATO: <Referencias_Citadas> NO ENCONTRADO EN:
	 https://www.scopus.com/inward/record.uri?eid=2-s2.0-85076094756&doi=10.22201%2fiij.24484873e.2019.154.14142&partnerID=40&md5=46d9e1ab9ec81e8b3b472c5cf7f2e682
xxxxxxxxxxxxxxxxxxxxxxxxxxxxxxxxxxxxxxxxx

xxxxxxxxxxxxxxxxxxxxxxxxxxxxxxxxxxxxxxxxx
	DATO: <Total_Citas> NO ENCONTRADO EN:
	 https://www.scopus.com/inward/record.uri?eid=2-s2.0-85076094756&doi=10.22201%2fiij.24484873e.2019.154.14142&partnerID=40&md5=46d9e1ab9ec81e8b3b472c5cf7f2e682
xxxxxxxxxxxxxxxxxxxxxxxxxxxxxxxxxxxxxxxxx

|||||||||||||||||||||||||||||||||||||||||
	BACKUP REALIZADO
	ULTIMA URL:
	 https://www.scopus.com/inward/record.uri?eid=2-s2.0-85074473836&doi=10.21017%2fRev.Repub.2019.v26.a59&partnerID=40&md5=7c86b4451716d34f630d90ca0e6f38f3
|||||||||||||||||||||||||||||||||||||||||

xxxxxxxxxxxxxxxxxxxxxxxxxxxxxxxxxxxxxxxxx
	DATO: <Referencias_Citadas> NO ENCONTRADO EN:
	 https://www.scopus.com/inward/record.uri?eid=2-s2.0-85070102127&doi=10.4067%2fS0718-34372019000100055&partnerID=40&md5=d0cb79c18cfe598fd7f810586c2e9847
xxxxxxxxxxxxxxxxxxxxxxxxxxxxxxxxxxxxxxxxx

xxxxxxxxxxxxxxxxxxxxxxxxxxxxxxxxxxxxxxxxx
	DATO: <Total_Citas> NO ENCONTRADO EN:
	 https://www.scopus.com/inward/record.uri?eid=2-s2.0-85070102127&doi=10.4067%2fS0718-34372019000100055&partnerID=40&md5=d0cb79c18cfe598fd7f810586c2e9847
xxxxxxxxxxxxxxxxxxxxxxxxxxxxxxxxxxxxxxxxx

|||||||||||||||||||||||||||||||||||||||||
	BACKUP REALIZADO
	ULTIMA URL:
	 https://www.scopus.com/inward/record.uri?eid=2-s2.0-85063645064&doi=10.15446%2fbitacora.v29n1.64314&partnerID=40&md5=67cc7add33ee27b3a5d24e8ea8d5e791
|||||||||||||||||||||||||||||||||||||||||

xxxxxxxxxxxxxxxxxxxxxxxxxxxxxxxxxxxxxxxxx
	DATO: <Referencias_Citadas> NO ENCONTRADO EN:
	 https://www.scopus.com/inward/record.uri?eid=2-s2.0-85062438863&doi=10.1080%2f13603124.2018.1543539&partnerID=40&md5=628619c55931636c864d853ed9dee24c
xxxxxxxxxxxxxxxxxxxxxxxxxxxxxxxxxxxxxxxxx

xxxxxxxxxxxxxxxxxxxxxxxxxxxxxxxxxxxxxxxxx
	DATO: <Total_Citas> NO ENCONTRADO EN:
	 https://www.scopus.com/inward/record.uri?eid=2-s2.0-85062438863&doi=10.1080%2f13603124.2018.1543539&partnerID=40&md5=628619c55931636c864d853ed9dee24c
xxxxxxxxxxxxxxxxxxxxxxxxxxxxxxxxxxxxxxxxx

